<?xml version="1.0" encoding="UTF-8"?>
<!-- Generated by org.testng.reporters.JUnitXMLReporter -->
<testsuite hostname="DESKTOP-GFDEEQT" name="Automation Practice Test Cases" tests="4" failures="0" timestamp="1 Oct 2019 00:30:28 GMT" time="71.499" errors="0">
  <testcase name="Firmex_Login" time="6.121" classname="com.ap.qa.testcases.HomePageTest"/>
  <testcase name="Firmex_Login" time="3.375" classname="com.ap.qa.testcases.HomePageTest"/>
  <testcase name="Firmex_Login" time="3.457" classname="com.ap.qa.testcases.HomePageTest"/>
  <testcase name="Firmex_Login" time="5.65" classname="com.ap.qa.testcases.HomePageTest"/>
</testsuite> <!-- Automation Practice Test Cases -->
